\BOOKMARK [0][]{Inhaltsverzeichnis.0}{Inhaltsverzeichnis}{}% 1
\BOOKMARK [0][]{chapter.1}{1 Einleitung}{}% 2
\BOOKMARK [1][-]{section.1.1}{1.1 CAS Campus}{chapter.1}% 3
\BOOKMARK [0][]{chapter.2}{2 Grundlagen}{}% 4
\BOOKMARK [1][-]{section.2.1}{2.1 Adaption}{chapter.2}% 5
\BOOKMARK [2][-]{subsection.2.1.1}{2.1.1 Adaption auf den Nutzer}{section.2.1}% 6
\BOOKMARK [1][-]{section.2.2}{2.2 Gamification}{chapter.2}% 7
\BOOKMARK [1][-]{section.2.3}{2.3 Problembasiertes Lernen}{chapter.2}% 8
\BOOKMARK [1][-]{section.2.4}{2.4 Recommendersysteme}{chapter.2}% 9
\BOOKMARK [0][]{chapter.3}{3 Nutzer}{}% 10
\BOOKMARK [1][-]{section.3.1}{3.1 Nutzerrollen}{chapter.3}% 11
\BOOKMARK [2][-]{subsection.3.1.1}{3.1.1 Professoren}{section.3.1}% 12
\BOOKMARK [2][-]{subsection.3.1.2}{3.1.2 Studenten}{section.3.1}% 13
\BOOKMARK [2][-]{subsection.3.1.3}{3.1.3 Studierendensekretariat}{section.3.1}% 14
\BOOKMARK [2][-]{subsection.3.1.4}{3.1.4 Admins}{section.3.1}% 15
\BOOKMARK [1][-]{section.3.2}{3.2 Nutzer Klassifizierung}{chapter.3}% 16
\BOOKMARK [2][-]{subsection.3.2.1}{3.2.1 L\366sungsorientierte Nutzer}{section.3.2}% 17
\BOOKMARK [2][-]{subsection.3.2.2}{3.2.2 Powernutzer}{section.3.2}% 18
\BOOKMARK [2][-]{subsection.3.2.3}{3.2.3 Gelegenheitsnutzer}{section.3.2}% 19
\BOOKMARK [0][]{chapter.4}{4 L\366sungsans\344tze}{}% 20
\BOOKMARK [1][-]{section.4.1}{4.1 Klassische Online-Hilfe}{chapter.4}% 21
\BOOKMARK [1][-]{section.4.2}{4.2 Lernspiel-App}{chapter.4}% 22
\BOOKMARK [1][-]{section.4.3}{4.3 Expertensystem}{chapter.4}% 23
\BOOKMARK [0][]{chapter.5}{5 Empfehlung}{}% 24
\BOOKMARK [0][]{chapter.6}{6 Zusammenfassung mit Fazit}{}% 25
\BOOKMARK [0][]{section*.2}{Literaturverzeichnis}{}% 26
\BOOKMARK [1][-]{section*.3}{Literatur}{section*.2}% 27
